<?xml version="1.0" encoding="UTF-8"?>
<testsuite xmlns:xsi="http://www.w3.org/2001/XMLSchema-instance" xsi:noNamespaceSchemaLocation="https://maven.apache.org/surefire/maven-surefire-plugin/xsd/surefire-test-report-3.0.xsd" version="3.0" name="me.dio.santander_dev_week_2024.SantanderDevWeek2024ApplicationTests" time="44.34" tests="1" errors="0" skipped="0" failures="0">
  <properties>
[...]
</properties>
  <testcase name="contextLoads" classname="me.dio.santander_dev_week_2024.SantanderDevWeek2024ApplicationTests" time="4.584">
    <system-out><![CDATA[20:16:59.181 [main] INFO org.springframework.test.context.support.AnnotationConfigContextLoaderUtils -- Could not detect default configuration classes for test class [me.dio.santander_dev_week_2024.SantanderDevWeek2024ApplicationTests]: SantanderDevWeek2024ApplicationTests does not declare any static, non-private, non-final, nested classes annotated with @Configuration.
20:17:00.298 [main] INFO org.springframework.boot.test.context.SpringBootTestContextBootstrapper -- Found @SpringBootConfiguration me.dio.santander_dev_week_2024.SantanderDevWeek2024Application for test class me.dio.santander_dev_week_2024.SantanderDevWeek2024ApplicationTests
  .   ____          _            __ _ _
 /\\ / ___'_ __ _ _(_)_ __  __ _ \ \ \ \
( ( )\___ | '_ | '_| | '_ \/ _` | \ \ \ \
 \\/  ___)| |_)| | | | | || (_| |  ) ) ) )
  '  |____| .__|_| |_|_| |_\__, | / / / /
 =========|_|==============|___/=/_/_/_/

 :: Spring Boot ::                (v3.3.0)

2024-06-16T20:17:04.873-03:00  INFO 1680 --- [santander-dev-week-2024] [           main] d.s.SantanderDevWeek2024ApplicationTests : Starting SantanderDevWeek2024ApplicationTests using Java 17.0.10 with PID 1680 (started by Wallisson in C:\Estudos\ws-spring-JRE17\santander-dev-week-2024)
2024-06-16T20:17:04.880-03:00  INFO 1680 --- [santander-dev-week-2024] [           main] d.s.SantanderDevWeek2024ApplicationTests : No active profile set, falling back to 1 default profile: "default"
2024-06-16T20:17:11.594-03:00  INFO 1680 --- [santander-dev-week-2024] [           main] .s.d.r.c.RepositoryConfigurationDelegate : Bootstrapping Spring Data JPA repositories in DEFAULT mode.
2024-06-16T20:17:12.028-03:00  INFO 1680 --- [santander-dev-week-2024] [           main] .s.d.r.c.RepositoryConfigurationDelegate : Finished Spring Data repository scanning in 378 ms. Found 1 JPA repository interface.
2024-06-16T20:17:16.451-03:00  INFO 1680 --- [santander-dev-week-2024] [           main] com.zaxxer.hikari.HikariDataSource       : HikariPool-1 - Starting...
2024-06-16T20:17:17.671-03:00  INFO 1680 --- [santander-dev-week-2024] [           main] com.zaxxer.hikari.pool.HikariPool        : HikariPool-1 - Added connection conn0: url=jdbc:h2:mem:b5a49d6a-1e08-453b-97b9-4b505ff5cc02 user=SA
2024-06-16T20:17:17.680-03:00  INFO 1680 --- [santander-dev-week-2024] [           main] com.zaxxer.hikari.HikariDataSource       : HikariPool-1 - Start completed.
2024-06-16T20:17:18.012-03:00  INFO 1680 --- [santander-dev-week-2024] [           main] o.hibernate.jpa.internal.util.LogHelper  : HHH000204: Processing PersistenceUnitInfo [name: default]
2024-06-16T20:17:18.519-03:00  INFO 1680 --- [santander-dev-week-2024] [           main] org.hibernate.Version                    : HHH000412: Hibernate ORM core version 6.5.2.Final
2024-06-16T20:17:18.919-03:00  INFO 1680 --- [santander-dev-week-2024] [           main] o.h.c.internal.RegionFactoryInitiator    : HHH000026: Second-level cache disabled
2024-06-16T20:17:20.998-03:00  INFO 1680 --- [santander-dev-week-2024] [           main] o.s.o.j.p.SpringPersistenceUnitInfo      : No LoadTimeWeaver setup: ignoring JPA class transformer
2024-06-16T20:17:28.817-03:00  INFO 1680 --- [santander-dev-week-2024] [           main] o.h.e.t.j.p.i.JtaPlatformInitiator       : HHH000489: No JTA platform available (set 'hibernate.transaction.jta.platform' to enable JTA platform integration)
2024-06-16T20:17:29.133-03:00  INFO 1680 --- [santander-dev-week-2024] [           main] j.LocalContainerEntityManagerFactoryBean : Initialized JPA EntityManagerFactory for persistence unit 'default'
2024-06-16T20:17:33.278-03:00  WARN 1680 --- [santander-dev-week-2024] [           main] JpaBaseConfiguration$JpaWebConfiguration : spring.jpa.open-in-view is enabled by default. Therefore, database queries may be performed during view rendering. Explicitly configure spring.jpa.open-in-view to disable this warning
2024-06-16T20:17:37.128-03:00  INFO 1680 --- [santander-dev-week-2024] [           main] d.s.SantanderDevWeek2024ApplicationTests : Started SantanderDevWeek2024ApplicationTests in 34.327 seconds (process running for 43.392)
]]></system-out>
  </testcase>
</testsuite>